0 info it worked if it ends with ok
1 verbose cli [ '/usr/bin/nodejs', '/usr/bin/npm', 'install', '-l', '-g' ]
2 info using npm@1.4.21
3 info using node@v0.10.25
4 verbose cache add [ '.', null ]
5 verbose cache add name=undefined spec="." args=[".",null]
6 verbose parsed url { protocol: null,
6 verbose parsed url   slashes: null,
6 verbose parsed url   auth: null,
6 verbose parsed url   host: null,
6 verbose parsed url   port: null,
6 verbose parsed url   hostname: null,
6 verbose parsed url   hash: null,
6 verbose parsed url   search: null,
6 verbose parsed url   query: null,
6 verbose parsed url   pathname: '.',
6 verbose parsed url   path: '.',
6 verbose parsed url   href: '.' }
7 silly lockFile 3a52ce78- .
8 verbose lock . /home/gaogao/.npm/3a52ce78-.lock
9 verbose tar pack [ '/home/gaogao/.npm/QiniuLiveDemo/0.0.0/package.tgz', '.' ]
10 verbose tarball /home/gaogao/.npm/QiniuLiveDemo/0.0.0/package.tgz
11 verbose folder .
12 info prepublish QiniuLiveDemo@0.0.0
13 silly lockFile 1f1177db-tar tar://.
14 verbose lock tar://. /home/gaogao/.npm/1f1177db-tar.lock
15 silly lockFile 64c92788--QiniuLiveDemo-0-0-0-package-tgz tar:///home/gaogao/.npm/QiniuLiveDemo/0.0.0/package.tgz
16 verbose lock tar:///home/gaogao/.npm/QiniuLiveDemo/0.0.0/package.tgz /home/gaogao/.npm/64c92788--QiniuLiveDemo-0-0-0-package-tgz.lock
17 silly lockFile 1f1177db-tar tar://.
18 silly lockFile 1f1177db-tar tar://.
19 silly lockFile 64c92788--QiniuLiveDemo-0-0-0-package-tgz tar:///home/gaogao/.npm/QiniuLiveDemo/0.0.0/package.tgz
20 silly lockFile 64c92788--QiniuLiveDemo-0-0-0-package-tgz tar:///home/gaogao/.npm/QiniuLiveDemo/0.0.0/package.tgz
21 silly lockFile 19c67060--npm-QiniuLiveDemo-0-0-0-package /home/gaogao/.npm/QiniuLiveDemo/0.0.0/package
22 verbose lock /home/gaogao/.npm/QiniuLiveDemo/0.0.0/package /home/gaogao/.npm/19c67060--npm-QiniuLiveDemo-0-0-0-package.lock
23 silly lockFile 19c67060--npm-QiniuLiveDemo-0-0-0-package /home/gaogao/.npm/QiniuLiveDemo/0.0.0/package
24 silly lockFile 19c67060--npm-QiniuLiveDemo-0-0-0-package /home/gaogao/.npm/QiniuLiveDemo/0.0.0/package
25 silly lockFile 3a52ce78- .
26 silly lockFile 3a52ce78- .
27 silly resolved [ { name: 'QiniuLiveDemo',
27 silly resolved     version: '0.0.0',
27 silly resolved     description: '**该仓库的作用是为了避开github page 对jekyll插件的审核,其作用是让直接生成的静态页面显示**',
27 silly resolved     main: 'index.js',
27 silly resolved     scripts: { test: 'echo "Error: no test specified" && exit 1' },
27 silly resolved     repository:
27 silly resolved      { type: 'git',
27 silly resolved        url: 'https://github.com/gaogao1030/QiniuLiveDemo.git' },
27 silly resolved     author: '',
27 silly resolved     license: 'ISC',
27 silly resolved     bugs: { url: 'https://github.com/gaogao1030/QiniuLiveDemo.git/issues' },
27 silly resolved     devDependencies:
27 silly resolved      { 'browser-sync': '^2.9.11',
27 silly resolved        'coffee-script': '^1.9.3',
27 silly resolved        gulp: '^3.9.0',
27 silly resolved        'gulp-coffee': '^2.3.1',
27 silly resolved        'gulp-compass': '^2.1.0',
27 silly resolved        'gulp-minify-css': '^1.2.0',
27 silly resolved        'gulp-rename': '^1.2.2',
27 silly resolved        'gulp-uglify': '^1.2.0',
27 silly resolved        'gulp-util': '^3.0.6',
27 silly resolved        'gulp-watch': '^4.3.4',
27 silly resolved        yargs: '^3.19.0' },
27 silly resolved     dependencies:
27 silly resolved      { events: '^1.1.0',
27 silly resolved        'leancloud-realtime': '^2.3.1',
27 silly resolved        leanengine: '^0.2.0',
27 silly resolved        process: '^0.11.2',
27 silly resolved        underscore: '^1.8.3',
27 silly resolved        websocket: '^1.0.22' },
27 silly resolved     gitHead: '054665cdbfa86586c1b7e9c8c066ba7d4c5bd685',
27 silly resolved     readme: 'ERROR: No README data found!',
27 silly resolved     _id: 'QiniuLiveDemo@0.0.0',
27 silly resolved     _shasum: '20be472564b147935490a54a143ec318241b46ef',
27 silly resolved     _from: '.' } ]
28 info install QiniuLiveDemo@0.0.0 into /usr/local/lib
29 info installOne QiniuLiveDemo@0.0.0
30 verbose lib/node_modules/QiniuLiveDemo unbuild
31 verbose tar unpack /home/gaogao/.npm/QiniuLiveDemo/0.0.0/package.tgz
32 silly lockFile fd1f4d33-l-lib-node-modules-QiniuLiveDemo tar:///usr/local/lib/node_modules/QiniuLiveDemo
33 verbose lock tar:///usr/local/lib/node_modules/QiniuLiveDemo /home/gaogao/.npm/fd1f4d33-l-lib-node-modules-QiniuLiveDemo.lock
34 silly lockFile 64c92788--QiniuLiveDemo-0-0-0-package-tgz tar:///home/gaogao/.npm/QiniuLiveDemo/0.0.0/package.tgz
35 verbose lock tar:///home/gaogao/.npm/QiniuLiveDemo/0.0.0/package.tgz /home/gaogao/.npm/64c92788--QiniuLiveDemo-0-0-0-package-tgz.lock
36 silly gunzTarPerm modes [ '775', '664' ]
37 error Error: EACCES, mkdir '/usr/local/lib/node_modules/QiniuLiveDemo'
37 error  { [Error: EACCES, mkdir '/usr/local/lib/node_modules/QiniuLiveDemo']
37 error   errno: 3,
37 error   code: 'EACCES',
37 error   path: '/usr/local/lib/node_modules/QiniuLiveDemo',
37 error   fstream_type: 'Directory',
37 error   fstream_path: '/usr/local/lib/node_modules/QiniuLiveDemo',
37 error   fstream_class: 'DirWriter',
37 error   fstream_stack:
37 error    [ '/usr/lib/nodejs/fstream/lib/dir-writer.js:36:23',
37 error      '/usr/lib/nodejs/mkdirp/index.js:37:53',
37 error      'Object.oncomplete (fs.js:107:15)' ] }
38 error Please try running this command again as root/Administrator.
39 error System Linux 3.16.0-41-generic
40 error command "/usr/bin/nodejs" "/usr/bin/npm" "install" "-l" "-g"
41 error cwd /home/gaogao/github/QiniuLiveDemo
42 error node -v v0.10.25
43 error npm -v 1.4.21
44 error path /usr/local/lib/node_modules/QiniuLiveDemo
45 error fstream_path /usr/local/lib/node_modules/QiniuLiveDemo
46 error fstream_type Directory
47 error fstream_class DirWriter
48 error code EACCES
49 error errno 3
50 error stack Error: EACCES, mkdir '/usr/local/lib/node_modules/QiniuLiveDemo'
51 error fstream_stack /usr/lib/nodejs/fstream/lib/dir-writer.js:36:23
51 error fstream_stack /usr/lib/nodejs/mkdirp/index.js:37:53
51 error fstream_stack Object.oncomplete (fs.js:107:15)
52 verbose exit [ 3, true ]
